<?xml version="1.0" encoding="UTF-8"?>
<!-- Generated by org.testng.reporters.JUnitXMLReporter -->
<testsuite hostname="homepc" ignored="0" name="Test" tests="1" failures="1" timestamp="11 Aug 2018 12:06:07 GMT" time="0.075" errors="0">
  <testcase name="verifyCampaign" time="0.0" classname="salesforce.VerifyCampaign">
    <failure type="org.testng.TestNGException" message="
Some DataProvider public java.lang.Object[][] salesforce.VerifyCampaign.getData(java.lang.String) throws java.io.IOException parameters unresolved:  at 0 type class java.lang.String
">
      <![CDATA[org.testng.TestNGException: 
Some DataProvider public java.lang.Object[][] salesforce.VerifyCampaign.getData(java.lang.String) throws java.io.IOException parameters unresolved:  at 0 type class java.lang.String

at java.util.concurrent.ThreadPoolExecutor.runWorker(ThreadPoolExecutor.java:1142)
at java.util.concurrent.ThreadPoolExecutor$Worker.run(ThreadPoolExecutor.java:617)
at java.lang.Thread.run(Thread.java:744)
... Removed 8 stack frames]]>
    </failure>
  </testcase> <!-- verifyCampaign -->
</testsuite> <!-- Test -->
