<?xml version="1.0" encoding="UTF-8"?>
<!-- Generated by org.testng.reporters.JUnitXMLReporter -->
<testsuite hostname="homepc" ignored="0" name="Test" tests="3" failures="0" timestamp="29 Jul 2018 06:57:12 GMT" time="81.121" errors="0">
  <testcase name="createLead" time="7.818" classname="week6.day2.TC002_CreateLeadNeg"/>
  <testcase name="createLead" time="7.337" classname="week6.day2.TC002_CreateLeadNeg"/>
  <testcase name="createLead" time="8.175" classname="week6.day2.TC002_CreateLeadNeg"/>
</testsuite> <!-- Test -->
