<?xml version="1.0" encoding="UTF-8"?>
<testng-results skipped="0" failed="1" ignored="0" total="1" passed="0">
  <reporter-output>
  </reporter-output>
  <suite name="Suite" duration-ms="75" started-at="2018-08-11T12:06:07Z" finished-at="2018-08-11T12:06:07Z">
    <groups>
    </groups>
    <test name="Test" duration-ms="75" started-at="2018-08-11T12:06:07Z" finished-at="2018-08-11T12:06:07Z">
      <class name="salesforce.VerifyCampaign">
        <test-method status="PASS" signature="setValues()[pri:0, instance:salesforce.VerifyCampaign@17d0008]" name="setValues" is-config="true" duration-ms="31" started-at="2018-08-11T12:06:07Z" finished-at="2018-08-11T12:06:07Z">
          <reporter-output>
          </reporter-output>
        </test-method> <!-- setValues -->
        <test-method status="FAIL" signature="verifyCampaign(java.lang.String, java.lang.String)[pri:0, instance:salesforce.VerifyCampaign@17d0008]" name="verifyCampaign" duration-ms="0" started-at="2018-08-11T12:06:07Z" data-provider="fetchData" finished-at="2018-08-11T12:06:07Z">
          <exception class="org.testng.TestNGException">
            <message>
              <![CDATA[
Some DataProvider public java.lang.Object[][] salesforce.VerifyCampaign.getData(java.lang.String) throws java.io.IOException parameters unresolved:  at 0 type class java.lang.String
]]>
            </message>
            <full-stacktrace>
              <![CDATA[org.testng.TestNGException: 
Some DataProvider public java.lang.Object[][] salesforce.VerifyCampaign.getData(java.lang.String) throws java.io.IOException parameters unresolved:  at 0 type class java.lang.String

at org.testng.internal.MethodInvocationHelper.getParameters(MethodInvocationHelper.java:197)
at org.testng.internal.MethodInvocationHelper.invokeDataProvider(MethodInvocationHelper.java:130)
at org.testng.internal.Parameters.handleParameters(Parameters.java:706)
at org.testng.internal.ParameterHandler.handleParameters(ParameterHandler.java:49)
at org.testng.internal.ParameterHandler.createParameters(ParameterHandler.java:37)
at org.testng.internal.Invoker.invokeTestMethods(Invoker.java:923)
at org.testng.internal.TestMethodWorker.invokeTestMethods(TestMethodWorker.java:125)
at org.testng.internal.TestMethodWorker.run(TestMethodWorker.java:109)
at java.util.concurrent.ThreadPoolExecutor.runWorker(ThreadPoolExecutor.java:1142)
at java.util.concurrent.ThreadPoolExecutor$Worker.run(ThreadPoolExecutor.java:617)
at java.lang.Thread.run(Thread.java:744)
]]>
            </full-stacktrace>
          </exception> <!-- org.testng.TestNGException -->
          <reporter-output>
          </reporter-output>
        </test-method> <!-- verifyCampaign -->
      </class> <!-- salesforce.VerifyCampaign -->
    </test> <!-- Test -->
  </suite> <!-- Suite -->
</testng-results>
